<?xml version="1.0" encoding="UTF-8"?>
<testsuite name="com.example.demo.RateServiceMockMvcTest" tests="2" skipped="0" failures="0" errors="0" timestamp="2021-05-25T18:38:05" hostname="DESKTOP-JCPQ6LC" time="0.013">
  <properties/>
  <testcase name="checkIfRatesGrow()" classname="com.example.demo.RateServiceMockMvcTest" time="0.008"/>
  <testcase name="checkIfRatesShrink()" classname="com.example.demo.RateServiceMockMvcTest" time="0.004"/>
  <system-out><![CDATA[2021-05-25 21:38:04.366  INFO 20040 --- [    Test worker] .b.t.c.SpringBootTestContextBootstrapper : Neither @ContextConfiguration nor @ContextHierarchy found for test class [com.example.demo.RateServiceMockMvcTest], using SpringBootContextLoader
2021-05-25 21:38:04.367  INFO 20040 --- [    Test worker] o.s.t.c.support.AbstractContextLoader    : Could not detect default resource locations for test class [com.example.demo.RateServiceMockMvcTest]: no resource found for suffixes {-context.xml, Context.groovy}.
2021-05-25 21:38:04.368  INFO 20040 --- [    Test worker] t.c.s.AnnotationConfigContextLoaderUtils : Could not detect default configuration classes for test class [com.example.demo.RateServiceMockMvcTest]: RateServiceMockMvcTest does not declare any static, non-private, non-final, nested classes annotated with @Configuration.
2021-05-25 21:38:04.369  INFO 20040 --- [    Test worker] .b.t.c.SpringBootTestContextBootstrapper : Found @SpringBootConfiguration com.example.demo.DemoApplication for test class com.example.demo.RateServiceMockMvcTest
2021-05-25 21:38:04.370  INFO 20040 --- [    Test worker] .b.t.c.SpringBootTestContextBootstrapper : Loaded default TestExecutionListener class names from location [META-INF/spring.factories]: [org.springframework.boot.test.autoconfigure.restdocs.RestDocsTestExecutionListener, org.springframework.boot.test.autoconfigure.web.client.MockRestServiceServerResetTestExecutionListener, org.springframework.boot.test.autoconfigure.web.servlet.MockMvcPrintOnlyOnFailureTestExecutionListener, org.springframework.boot.test.autoconfigure.web.servlet.WebDriverTestExecutionListener, org.springframework.boot.test.autoconfigure.webservices.client.MockWebServiceServerTestExecutionListener, org.springframework.boot.test.mock.mockito.MockitoTestExecutionListener, org.springframework.boot.test.mock.mockito.ResetMocksTestExecutionListener, org.springframework.test.context.web.ServletTestExecutionListener, org.springframework.test.context.support.DirtiesContextBeforeModesTestExecutionListener, org.springframework.test.context.support.DependencyInjectionTestExecutionListener, org.springframework.test.context.support.DirtiesContextTestExecutionListener, org.springframework.test.context.transaction.TransactionalTestExecutionListener, org.springframework.test.context.jdbc.SqlScriptsTestExecutionListener, org.springframework.test.context.event.EventPublishingTestExecutionListener]
2021-05-25 21:38:04.370  INFO 20040 --- [    Test worker] .b.t.c.SpringBootTestContextBootstrapper : Using TestExecutionListeners: [org.springframework.test.context.web.ServletTestExecutionListener@731330a5, org.springframework.test.context.support.DirtiesContextBeforeModesTestExecutionListener@228c9d15, org.springframework.boot.test.mock.mockito.MockitoTestExecutionListener@768c5d66, org.springframework.boot.test.autoconfigure.SpringBootDependencyInjectionTestExecutionListener@417b76b7, org.springframework.test.context.support.DirtiesContextTestExecutionListener@2b87f025, org.springframework.test.context.transaction.TransactionalTestExecutionListener@6d25a475, org.springframework.test.context.jdbc.SqlScriptsTestExecutionListener@7956b3da, org.springframework.test.context.event.EventPublishingTestExecutionListener@6302ac89, org.springframework.boot.test.autoconfigure.restdocs.RestDocsTestExecutionListener@77107e14, org.springframework.boot.test.autoconfigure.web.client.MockRestServiceServerResetTestExecutionListener@37d67a8f, org.springframework.boot.test.autoconfigure.web.servlet.MockMvcPrintOnlyOnFailureTestExecutionListener@7b52c7cc, org.springframework.boot.test.autoconfigure.web.servlet.WebDriverTestExecutionListener@d425acb, org.springframework.boot.test.autoconfigure.webservices.client.MockWebServiceServerTestExecutionListener@795675a9, org.springframework.boot.test.mock.mockito.ResetMocksTestExecutionListener@7d507a0e]

  .   ____          _            __ _ _
 /\\ / ___'_ __ _ _(_)_ __  __ _ \ \ \ \
( ( )\___ | '_ | '_| | '_ \/ _` | \ \ \ \
 \\/  ___)| |_)| | | | | || (_| |  ) ) ) )
  '  |____| .__|_| |_|_| |_\__, | / / / /
 =========|_|==============|___/=/_/_/_/
 :: Spring Boot ::  (v2.3.12.BUILD-SNAPSHOT)

2021-05-25 21:38:04.505  INFO 20040 --- [    Test worker] com.example.demo.RateServiceMockMvcTest  : No active profile set, falling back to default profiles: default
2021-05-25 21:38:04.707  INFO 20040 --- [    Test worker] o.s.cloud.context.scope.GenericScope     : BeanFactory id=d92533cd-8946-34e7-8255-54076d260439
2021-05-25 21:38:04.792  INFO 20040 --- [    Test worker] o.s.b.w.embedded.tomcat.TomcatWebServer  : Tomcat initialized with port(s): 0 (http)
2021-05-25 21:38:04.793  INFO 20040 --- [    Test worker] o.apache.catalina.core.StandardService   : Starting service [Tomcat]
2021-05-25 21:38:04.793  INFO 20040 --- [    Test worker] org.apache.catalina.core.StandardEngine  : Starting Servlet engine: [Apache Tomcat/9.0.46]
2021-05-25 21:38:04.824  INFO 20040 --- [    Test worker] o.a.c.c.C.[Tomcat-1].[localhost].[/]     : Initializing Spring embedded WebApplicationContext
2021-05-25 21:38:04.824  INFO 20040 --- [    Test worker] w.s.c.ServletWebServerApplicationContext : Root WebApplicationContext: initialization completed in 317 ms
2021-05-25 21:38:05.030  WARN 20040 --- [    Test worker] o.s.c.n.a.ArchaiusAutoConfiguration      : Netflix ConfigurationManager has already been installed, unable to re-install
2021-05-25 21:38:05.095  INFO 20040 --- [    Test worker] o.s.s.concurrent.ThreadPoolTaskExecutor  : Initializing ExecutorService 'applicationTaskExecutor'
2021-05-25 21:38:05.297  INFO 20040 --- [    Test worker] o.a.c.c.C.[Tomcat-1].[localhost].[/]     : Initializing Spring TestDispatcherServlet ''
2021-05-25 21:38:05.297  INFO 20040 --- [    Test worker] o.s.t.web.servlet.TestDispatcherServlet  : Initializing Servlet ''
2021-05-25 21:38:05.304  INFO 20040 --- [    Test worker] o.s.t.web.servlet.TestDispatcherServlet  : Completed initialization in 7 ms
2021-05-25 21:38:05.381  INFO 20040 --- [    Test worker] o.s.b.w.embedded.tomcat.TomcatWebServer  : Tomcat started on port(s): 52522 (http) with context path ''
2021-05-25 21:38:05.420  INFO 20040 --- [    Test worker] com.example.demo.RateServiceMockMvcTest  : Started RateServiceMockMvcTest in 1.046 seconds (JVM running for 10.205)
]]></system-out>
  <system-err><![CDATA[]]></system-err>
</testsuite>
