<?xml version="1.0" encoding="UTF-8"?>
<testsuite name="com.example.demo.HttpRequestWebMvcTest" tests="1" skipped="0" failures="0" errors="0" timestamp="2021-05-25T18:38:04" hostname="DESKTOP-JCPQ6LC" time="0.032">
  <properties/>
  <testcase name="CheckServicesWithMock()" classname="com.example.demo.HttpRequestWebMvcTest" time="0.032"/>
  <system-out><![CDATA[2021-05-25 21:38:03.656  INFO 20040 --- [    Test worker] .b.t.a.w.s.WebMvcTestContextBootstrapper : Neither @ContextConfiguration nor @ContextHierarchy found for test class [com.example.demo.HttpRequestWebMvcTest], using SpringBootContextLoader
2021-05-25 21:38:03.657  INFO 20040 --- [    Test worker] o.s.t.c.support.AbstractContextLoader    : Could not detect default resource locations for test class [com.example.demo.HttpRequestWebMvcTest]: no resource found for suffixes {-context.xml, Context.groovy}.
2021-05-25 21:38:03.657  INFO 20040 --- [    Test worker] t.c.s.AnnotationConfigContextLoaderUtils : Could not detect default configuration classes for test class [com.example.demo.HttpRequestWebMvcTest]: HttpRequestWebMvcTest does not declare any static, non-private, non-final, nested classes annotated with @Configuration.
2021-05-25 21:38:03.664  INFO 20040 --- [    Test worker] .b.t.c.SpringBootTestContextBootstrapper : Found @SpringBootConfiguration com.example.demo.DemoApplication for test class com.example.demo.HttpRequestWebMvcTest
2021-05-25 21:38:03.665  INFO 20040 --- [    Test worker] .b.t.a.w.s.WebMvcTestContextBootstrapper : Loaded default TestExecutionListener class names from location [META-INF/spring.factories]: [org.springframework.boot.test.autoconfigure.restdocs.RestDocsTestExecutionListener, org.springframework.boot.test.autoconfigure.web.client.MockRestServiceServerResetTestExecutionListener, org.springframework.boot.test.autoconfigure.web.servlet.MockMvcPrintOnlyOnFailureTestExecutionListener, org.springframework.boot.test.autoconfigure.web.servlet.WebDriverTestExecutionListener, org.springframework.boot.test.autoconfigure.webservices.client.MockWebServiceServerTestExecutionListener, org.springframework.boot.test.mock.mockito.MockitoTestExecutionListener, org.springframework.boot.test.mock.mockito.ResetMocksTestExecutionListener, org.springframework.test.context.web.ServletTestExecutionListener, org.springframework.test.context.support.DirtiesContextBeforeModesTestExecutionListener, org.springframework.test.context.support.DependencyInjectionTestExecutionListener, org.springframework.test.context.support.DirtiesContextTestExecutionListener, org.springframework.test.context.transaction.TransactionalTestExecutionListener, org.springframework.test.context.jdbc.SqlScriptsTestExecutionListener, org.springframework.test.context.event.EventPublishingTestExecutionListener]
2021-05-25 21:38:03.665  INFO 20040 --- [    Test worker] .b.t.a.w.s.WebMvcTestContextBootstrapper : Using TestExecutionListeners: [org.springframework.test.context.web.ServletTestExecutionListener@7096ecba, org.springframework.test.context.support.DirtiesContextBeforeModesTestExecutionListener@c3ad8f5, org.springframework.boot.test.mock.mockito.MockitoTestExecutionListener@5e5a7da8, org.springframework.boot.test.autoconfigure.SpringBootDependencyInjectionTestExecutionListener@62125b1c, org.springframework.test.context.support.DirtiesContextTestExecutionListener@252698d8, org.springframework.test.context.transaction.TransactionalTestExecutionListener@7f8101f9, org.springframework.test.context.jdbc.SqlScriptsTestExecutionListener@723b949c, org.springframework.test.context.event.EventPublishingTestExecutionListener@201fb7c, org.springframework.boot.test.autoconfigure.restdocs.RestDocsTestExecutionListener@137043bc, org.springframework.boot.test.autoconfigure.web.client.MockRestServiceServerResetTestExecutionListener@640916e2, org.springframework.boot.test.autoconfigure.web.servlet.MockMvcPrintOnlyOnFailureTestExecutionListener@4ab8f18b, org.springframework.boot.test.autoconfigure.web.servlet.WebDriverTestExecutionListener@476f39bb, org.springframework.boot.test.autoconfigure.webservices.client.MockWebServiceServerTestExecutionListener@5613ff49, org.springframework.boot.test.mock.mockito.ResetMocksTestExecutionListener@7a814d6f]

  .   ____          _            __ _ _
 /\\ / ___'_ __ _ _(_)_ __  __ _ \ \ \ \
( ( )\___ | '_ | '_| | '_ \/ _` | \ \ \ \
 \\/  ___)| |_)| | | | | || (_| |  ) ) ) )
  '  |____| .__|_| |_|_| |_\__, | / / / /
 =========|_|==============|___/=/_/_/_/
 :: Spring Boot ::  (v2.3.12.BUILD-SNAPSHOT)

2021-05-25 21:38:03.783  INFO 20040 --- [    Test worker] com.example.demo.HttpRequestWebMvcTest   : No active profile set, falling back to default profiles: default
2021-05-25 21:38:04.144  INFO 20040 --- [    Test worker] o.s.s.concurrent.ThreadPoolTaskExecutor  : Initializing ExecutorService 'applicationTaskExecutor'
2021-05-25 21:38:04.305  INFO 20040 --- [    Test worker] o.s.b.t.m.w.SpringBootMockServletContext : Initializing Spring TestDispatcherServlet ''
2021-05-25 21:38:04.305  INFO 20040 --- [    Test worker] o.s.t.web.servlet.TestDispatcherServlet  : Initializing Servlet ''
2021-05-25 21:38:04.316  INFO 20040 --- [    Test worker] o.s.t.web.servlet.TestDispatcherServlet  : Completed initialization in 11 ms
2021-05-25 21:38:04.329  INFO 20040 --- [    Test worker] com.example.demo.HttpRequestWebMvcTest   : Started HttpRequestWebMvcTest in 0.661 seconds (JVM running for 9.114)

MockHttpServletRequest:
      HTTP Method = GET
      Request URI = /USD
       Parameters = {}
          Headers = []
             Body = null
    Session Attrs = {}

Handler:
             Type = com.example.demo.HomeController
           Method = com.example.demo.HomeController#greetingWithParams(String)

Async:
    Async started = false
     Async result = null

Resolved Exception:
             Type = null

ModelAndView:
        View name = null
             View = null
            Model = null

FlashMap:
       Attributes = null

MockHttpServletResponse:
           Status = 200
    Error message = null
          Headers = [Content-Type:"text/plain;charset=UTF-8", Content-Length:"25"]
     Content type = text/plain;charset=UTF-8
             Body = <img src='test complete'>
    Forwarded URL = null
   Redirected URL = null
          Cookies = []
]]></system-out>
  <system-err><![CDATA[]]></system-err>
</testsuite>
