<?xml version="1.0" encoding="UTF-8"?>
<testsuite name="com.example.demo.DemoApplicationTests" tests="1" skipped="0" failures="0" errors="0" timestamp="2021-05-25T18:38:03" hostname="DESKTOP-JCPQ6LC" time="0.005">
  <properties/>
  <testcase name="contextLoads()" classname="com.example.demo.DemoApplicationTests" time="0.005"/>
  <system-out><![CDATA[2021-05-25 21:38:02.502  INFO 20040 --- [    Test worker] .b.t.c.SpringBootTestContextBootstrapper : Neither @ContextConfiguration nor @ContextHierarchy found for test class [com.example.demo.DemoApplicationTests], using SpringBootContextLoader
2021-05-25 21:38:02.503  INFO 20040 --- [    Test worker] o.s.t.c.support.AbstractContextLoader    : Could not detect default resource locations for test class [com.example.demo.DemoApplicationTests]: no resource found for suffixes {-context.xml, Context.groovy}.
2021-05-25 21:38:02.503  INFO 20040 --- [    Test worker] t.c.s.AnnotationConfigContextLoaderUtils : Could not detect default configuration classes for test class [com.example.demo.DemoApplicationTests]: DemoApplicationTests does not declare any static, non-private, non-final, nested classes annotated with @Configuration.
2021-05-25 21:38:02.504  INFO 20040 --- [    Test worker] .b.t.c.SpringBootTestContextBootstrapper : Found @SpringBootConfiguration com.example.demo.DemoApplication for test class com.example.demo.DemoApplicationTests
2021-05-25 21:38:02.507  INFO 20040 --- [    Test worker] .b.t.c.SpringBootTestContextBootstrapper : Loaded default TestExecutionListener class names from location [META-INF/spring.factories]: [org.springframework.boot.test.autoconfigure.restdocs.RestDocsTestExecutionListener, org.springframework.boot.test.autoconfigure.web.client.MockRestServiceServerResetTestExecutionListener, org.springframework.boot.test.autoconfigure.web.servlet.MockMvcPrintOnlyOnFailureTestExecutionListener, org.springframework.boot.test.autoconfigure.web.servlet.WebDriverTestExecutionListener, org.springframework.boot.test.autoconfigure.webservices.client.MockWebServiceServerTestExecutionListener, org.springframework.boot.test.mock.mockito.MockitoTestExecutionListener, org.springframework.boot.test.mock.mockito.ResetMocksTestExecutionListener, org.springframework.test.context.web.ServletTestExecutionListener, org.springframework.test.context.support.DirtiesContextBeforeModesTestExecutionListener, org.springframework.test.context.support.DependencyInjectionTestExecutionListener, org.springframework.test.context.support.DirtiesContextTestExecutionListener, org.springframework.test.context.transaction.TransactionalTestExecutionListener, org.springframework.test.context.jdbc.SqlScriptsTestExecutionListener, org.springframework.test.context.event.EventPublishingTestExecutionListener]
2021-05-25 21:38:02.507  INFO 20040 --- [    Test worker] .b.t.c.SpringBootTestContextBootstrapper : Using TestExecutionListeners: [org.springframework.test.context.web.ServletTestExecutionListener@12eb3fb, org.springframework.test.context.support.DirtiesContextBeforeModesTestExecutionListener@7f657ee7, org.springframework.boot.test.mock.mockito.MockitoTestExecutionListener@73e1337b, org.springframework.boot.test.autoconfigure.SpringBootDependencyInjectionTestExecutionListener@4c90ebf9, org.springframework.test.context.support.DirtiesContextTestExecutionListener@385528fb, org.springframework.test.context.transaction.TransactionalTestExecutionListener@6c93eb50, org.springframework.test.context.jdbc.SqlScriptsTestExecutionListener@16136752, org.springframework.test.context.event.EventPublishingTestExecutionListener@5d97894a, org.springframework.boot.test.autoconfigure.restdocs.RestDocsTestExecutionListener@4c9460f3, org.springframework.boot.test.autoconfigure.web.client.MockRestServiceServerResetTestExecutionListener@3f2ecb5a, org.springframework.boot.test.autoconfigure.web.servlet.MockMvcPrintOnlyOnFailureTestExecutionListener@328a121a, org.springframework.boot.test.autoconfigure.web.servlet.WebDriverTestExecutionListener@53b600d8, org.springframework.boot.test.autoconfigure.webservices.client.MockWebServiceServerTestExecutionListener@3cca61a5, org.springframework.boot.test.mock.mockito.ResetMocksTestExecutionListener@75f7197d]

  .   ____          _            __ _ _
 /\\ / ___'_ __ _ _(_)_ __  __ _ \ \ \ \
( ( )\___ | '_ | '_| | '_ \/ _` | \ \ \ \
 \\/  ___)| |_)| | | | | || (_| |  ) ) ) )
  '  |____| .__|_| |_|_| |_\__, | / / / /
 =========|_|==============|___/=/_/_/_/
 :: Spring Boot ::  (v2.3.12.BUILD-SNAPSHOT)

2021-05-25 21:38:02.654  INFO 20040 --- [    Test worker] com.example.demo.DemoApplicationTests    : No active profile set, falling back to default profiles: default
2021-05-25 21:38:02.897  INFO 20040 --- [    Test worker] o.s.cloud.context.scope.GenericScope     : BeanFactory id=f9ad9071-476c-311d-80cc-8cfeaeae724a
2021-05-25 21:38:03.244  WARN 20040 --- [    Test worker] o.s.c.n.a.ArchaiusAutoConfiguration      : Netflix ConfigurationManager has already been installed, unable to re-install
2021-05-25 21:38:03.325  INFO 20040 --- [    Test worker] o.s.s.concurrent.ThreadPoolTaskExecutor  : Initializing ExecutorService 'applicationTaskExecutor'
2021-05-25 21:38:03.597  INFO 20040 --- [    Test worker] com.example.demo.DemoApplicationTests    : Started DemoApplicationTests in 1.085 seconds (JVM running for 8.383)
]]></system-out>
  <system-err><![CDATA[]]></system-err>
</testsuite>
